<?xml version="1.0" encoding="UTF-8"?>
<!-- Generated by org.testng.reporters.JUnitReportReporter -->
<testsuite skipped="0" hostname="DESKTOP-L0NDSU4" name="com.trainings.maven.IngaChamentauskiene.CreateNewAccountTest" tests="1" failures="0" timestamp="2020-01-10T10:35:18 EET" time="3.014" errors="0">
  <testcase name="createNewAccount" time="3.014" classname="com.trainings.maven.IngaChamentauskiene.CreateNewAccountTest"/>
</testsuite> <!-- com.trainings.maven.IngaChamentauskiene.CreateNewAccountTest -->
