<?xml version="1.0" encoding="UTF-8"?>
<!-- Generated by org.testng.reporters.JUnitReportReporter -->
<testsuite skipped="0" hostname="DESKTOP-L0NDSU4" name="com.trainings.maven.IngaChamentauskiene.CheckProductExistsTest" tests="1" failures="0" timestamp="2020-01-10T10:35:47 EET" time="1.685" errors="0">
  <testcase name="searchProductName" time="1.685" classname="com.trainings.maven.IngaChamentauskiene.CheckProductExistsTest"/>
</testsuite> <!-- com.trainings.maven.IngaChamentauskiene.CheckProductExistsTest -->
