<?xml version="1.0" encoding="UTF-8"?>
<!-- Generated by org.testng.reporters.JUnitReportReporter -->
<testsuite skipped="0" hostname="DESKTOP-L0NDSU4" name="com.trainings.maven.Exam2019.CheckProductExistsTest" tests="1" failures="0" timestamp="2020-01-16T10:53:20 EET" time="11.320" errors="0">
  <testcase name="searchProductName" time="11.320" classname="com.trainings.maven.Exam2019.CheckProductExistsTest"/>
</testsuite> <!-- com.trainings.maven.Exam2019.CheckProductExistsTest -->
