<?xml version="1.0" encoding="UTF-8"?>
<!-- Generated by org.testng.reporters.JUnitReportReporter -->
<testsuite skipped="0" hostname="DESKTOP-L0NDSU4" name="com.trainings.maven.IngaChamentauskiene.SearchTest" tests="1" failures="0" timestamp="2019-12-19T09:28:31 EET" time="0.748" errors="0">
  <testcase name="searchElement" time="0.748" classname="com.trainings.maven.IngaChamentauskiene.SearchTest"/>
</testsuite> <!-- com.trainings.maven.IngaChamentauskiene.SearchTest -->
