<?xml version="1.0" encoding="UTF-8"?>
<!-- Generated by org.testng.reporters.JUnitReportReporter -->
<testsuite skipped="0" hostname="DESKTOP-L0NDSU4" name="com.trainings.maven.Exam2019.CreateNewAccountTest" tests="1" failures="0" timestamp="2020-01-16T10:53:20 EET" time="2.816" errors="0">
  <testcase name="createNewAccount" time="2.816" classname="com.trainings.maven.Exam2019.CreateNewAccountTest"/>
</testsuite> <!-- com.trainings.maven.Exam2019.CreateNewAccountTest -->
