<?xml version="1.0" encoding="UTF-8"?>
<!-- Generated by org.testng.reporters.JUnitReportReporter -->
<testsuite hostname="DESKTOP-L0NDSU4" name="com.trainings.maven.TestNG.TestNGExample2" tests="1" failures="0" timestamp="16 Jan 2020 19:25:20 GMT" time="0.018" errors="0">
  <testcase name="searchFieldCount2" time="0.018" classname="com.trainings.maven.TestNG.TestNGExample2"/>
</testsuite> <!-- com.trainings.maven.TestNG.TestNGExample2 -->
