<?xml version="1.0" encoding="UTF-8"?>
<!-- Generated by org.testng.reporters.JUnitReportReporter -->
<testsuite hostname="DESKTOP-L0NDSU4" name="com.trainings.maven.TestNG.TestNG2ndExamples" tests="1" failures="0" timestamp="14 Dec 2019 10:54:23 GMT" time="0.020" errors="0">
  <testcase name="searchFieldCount2" time="0.020" classname="com.trainings.maven.TestNG.TestNG2ndExamples"/>
</testsuite> <!-- com.trainings.maven.TestNG.TestNG2ndExamples -->
