<?xml version="1.0" encoding="UTF-8"?>
<!-- Generated by org.testng.reporters.JUnitReportReporter -->
<testsuite hostname="DESKTOP-L0NDSU4" name="com.trainings.maven.TestNG.TestNGExamples" tests="7" failures="0" timestamp="18 Dec 2019 11:30:37 GMT" time="2.535" errors="0">
  <testcase name="wishListNotNullText" time="0.026" classname="com.trainings.maven.TestNG.TestNGExamples"/>
  <testcase name="wishListContainsText" time="0.035" classname="com.trainings.maven.TestNG.TestNGExamples"/>
  <testcase name="searchFieldCount" time="0.031" classname="com.trainings.maven.TestNG.TestNGExamples"/>
  <testcase name="assertAgreeCheckbox" time="0.027" classname="com.trainings.maven.TestNG.TestNGExamples"/>
  <testcase name="sendKeys" time="0.761" classname="com.trainings.maven.TestNG.TestNGExamples"/>
  <testcase name="assertNullExample" time="0.001" classname="com.trainings.maven.TestNG.TestNGExamples"/>
  <testcase name="assertDropdown" time="1.654" classname="com.trainings.maven.TestNG.TestNGExamples"/>
</testsuite> <!-- com.trainings.maven.TestNG.TestNGExamples -->
