<?xml version="1.0" encoding="UTF-8"?>
<!-- Generated by org.testng.reporters.JUnitReportReporter -->
<testsuite hostname="DESKTOP-L0NDSU4" name="com.trainings.maven.TestNG.TestNGExample1" tests="7" failures="0" timestamp="16 Jan 2020 19:25:20 GMT" time="2.641" errors="0">
  <testcase name="sendKeys" time="0.768" classname="com.trainings.maven.TestNG.TestNGExample1"/>
  <testcase name="assertNullExample" time="0.000" classname="com.trainings.maven.TestNG.TestNGExample1"/>
  <testcase name="searchFieldCount" time="0.032" classname="com.trainings.maven.TestNG.TestNGExample1"/>
  <testcase name="wishListContainsText" time="0.048" classname="com.trainings.maven.TestNG.TestNGExample1"/>
  <testcase name="assertAgreeCheckbox" time="0.028" classname="com.trainings.maven.TestNG.TestNGExample1"/>
  <testcase name="wishListNotNullText" time="0.018" classname="com.trainings.maven.TestNG.TestNGExample1"/>
  <testcase name="assertDropdown" time="1.747" classname="com.trainings.maven.TestNG.TestNGExample1"/>
</testsuite> <!-- com.trainings.maven.TestNG.TestNGExample1 -->
