<?xml version="1.0" encoding="UTF-8"?>
<!-- Generated by org.testng.reporters.JUnitReportReporter -->
<testsuite hostname="DESKTOP-L0NDSU4" name="com.trainings.maven.TestNG.TestNGExample1POM" tests="7" failures="0" timestamp="16 Jan 2020 19:25:45 GMT" time="4.014" errors="0">
  <testcase name="assertDropdown" time="2.374" classname="com.trainings.maven.TestNG.TestNGExample1POM"/>
  <testcase name="assertAgreeCheckbox" time="0.559" classname="com.trainings.maven.TestNG.TestNGExample1POM"/>
  <testcase name="assertNullExample" time="0.001" classname="com.trainings.maven.TestNG.TestNGExample1POM"/>
  <testcase name="assertSearchField" time="0.056" classname="com.trainings.maven.TestNG.TestNGExample1POM"/>
  <testcase name="sendKeys" time="0.960" classname="com.trainings.maven.TestNG.TestNGExample1POM"/>
  <testcase name="wishListNotNullText" time="0.025" classname="com.trainings.maven.TestNG.TestNGExample1POM"/>
  <testcase name="assertWishListButton" time="0.039" classname="com.trainings.maven.TestNG.TestNGExample1POM"/>
</testsuite> <!-- com.trainings.maven.TestNG.TestNGExample1POM -->
