<?xml version="1.0" encoding="UTF-8"?>
<!-- Generated by org.testng.reporters.JUnitReportReporter -->
<testsuite hostname="DESKTOP-L0NDSU4" name="com.trainings.maven.TestNG.TestNGExample2POM" tests="1" failures="0" timestamp="16 Jan 2020 19:25:45 GMT" time="0.012" errors="0">
  <testcase name="assertSearchField" time="0.012" classname="com.trainings.maven.TestNG.TestNGExample2POM"/>
</testsuite> <!-- com.trainings.maven.TestNG.TestNGExample2POM -->
