<?xml version="1.0" encoding="UTF-8"?>
<!-- Generated by org.testng.reporters.JUnitReportReporter -->
<testsuite skipped="0" hostname="DESKTOP-L0NDSU4" name="com.trainings.maven.DataPreparation.DataPrepTest" tests="1" failures="0" timestamp="2020-01-18T14:10:13 EET" time="1.156" errors="0">
  <testcase name="fillAccount" time="1.156" classname="com.trainings.maven.DataPreparation.DataPrepTest"/>
</testsuite> <!-- com.trainings.maven.DataPreparation.DataPrepTest -->
