<?xml version="1.0" encoding="UTF-8"?>
<!-- Generated by org.testng.reporters.JUnitReportReporter -->
<testsuite skipped="0" hostname="DESKTOP-L0NDSU4" name="com.trainings.maven.DataPreparation.DataPrepXmlTest" tests="1" failures="0" timestamp="2020-01-18T14:11:54 EET" time="0.203" errors="0">
  <testcase name="assertIPhone" time="0.203" classname="com.trainings.maven.DataPreparation.DataPrepXmlTest"/>
</testsuite> <!-- com.trainings.maven.DataPreparation.DataPrepXmlTest -->
