<?xml version="1.0" encoding="UTF-8"?>
<!-- Generated by org.testng.reporters.JUnitReportReporter -->
<testsuite skipped="0" hostname="DESKTOP-L0NDSU4" name="com.trainings.maven.DataPreparation.DataPrepTestPOM" tests="1" failures="0" timestamp="2020-01-18T14:10:38 EET" time="1.081" errors="0">
  <testcase name="fillAccount" time="1.081" classname="com.trainings.maven.DataPreparation.DataPrepTestPOM"/>
</testsuite> <!-- com.trainings.maven.DataPreparation.DataPrepTestPOM -->
