<?xml version="1.0" encoding="UTF-8"?>
<!-- Generated by org.testng.reporters.JUnitReportReporter -->
<testsuite skipped="0" hostname="DESKTOP-L0NDSU4" name="com.trainings.maven.ichamentauskiene.OpenBrowserTest" tests="1" failures="0" timestamp="2020-01-01T20:32:09 EET" time="0.007" errors="0">
  <testcase name="searchElement" time="0.007" classname="com.trainings.maven.ichamentauskiene.OpenBrowserTest"/>
</testsuite> <!-- com.trainings.maven.ichamentauskiene.OpenBrowserTest -->
