<?xml version="1.0" encoding="UTF-8"?>
<!-- Generated by org.testng.reporters.JUnitReportReporter -->
<testsuite skipped="0" hostname="DESKTOP-L0NDSU4" name="com.trainings.maven.BasicSelenium.SearchTest" tests="1" failures="0" timestamp="2020-01-13T13:53:06 EET" time="3.527" errors="0">
  <testcase name="searchElement" time="3.527" classname="com.trainings.maven.BasicSelenium.SearchTest"/>
</testsuite> <!-- com.trainings.maven.BasicSelenium.SearchTest -->
