<?xml version="1.0" encoding="UTF-8"?>
<!-- Generated by org.testng.reporters.JUnitReportReporter -->
<testsuite skipped="0" hostname="DESKTOP-L0NDSU4" name="com.trainings.maven.lesson2.SearchTest" tests="1" failures="0" timestamp="2020-01-13T13:48:22 EET" time="3.602" errors="0">
  <testcase name="searchElement" time="3.602" classname="com.trainings.maven.lesson2.SearchTest"/>
</testsuite> <!-- com.trainings.maven.lesson2.SearchTest -->
