<?xml version="1.0" encoding="UTF-8"?>
<!-- Generated by org.testng.reporters.JUnitReportReporter -->
<testsuite skipped="0" hostname="DESKTOP-L0NDSU4" name="com.trainings.maven.Locators.CreateNewAccountTest" tests="1" failures="0" timestamp="2020-01-11T14:09:10 EET" time="3.911" errors="0">
  <testcase name="createNewAccount" time="3.911" classname="com.trainings.maven.Locators.CreateNewAccountTest"/>
</testsuite> <!-- com.trainings.maven.Locators.CreateNewAccountTest -->
