<?xml version="1.0" encoding="UTF-8"?>
<!-- Generated by org.testng.reporters.JUnitReportReporter -->
<testsuite hostname="DESKTOP-L0NDSU4" name="com.trainings.maven.Wait.FluentWaitTestPOM" tests="2" failures="0" timestamp="17 Jan 2020 10:57:44 GMT" time="0.173" errors="0">
  <testcase name="somethingUseless" time="0.055" classname="com.trainings.maven.Wait.FluentWaitTestPOM"/>
  <testcase name="logoAppearanceTest" time="0.118" classname="com.trainings.maven.Wait.FluentWaitTestPOM"/>
</testsuite> <!-- com.trainings.maven.Wait.FluentWaitTestPOM -->
