<?xml version="1.0" encoding="UTF-8"?>
<!-- Generated by org.testng.reporters.JUnitReportReporter -->
<testsuite hostname="DESKTOP-L0NDSU4" name="com.trainings.maven.Wait.ExpectedConditions" tests="1" failures="0" timestamp="15 Dec 2019 18:49:13 GMT" time="3.544" errors="0">
  <testcase name="assertErrorMessage" time="3.544" classname="com.trainings.maven.Wait.ExpectedConditions"/>
</testsuite> <!-- com.trainings.maven.Wait.ExpectedConditions -->
