<?xml version="1.0" encoding="UTF-8"?>
<!-- Generated by org.testng.reporters.JUnitReportReporter -->
<testsuite hostname="DESKTOP-L0NDSU4" name="com.trainings.maven.Wait.WaitExamplesTest" tests="1" failures="0" timestamp="17 Jan 2020 11:00:27 GMT" time="15.274" errors="0">
  <testcase name="addToCart" time="15.274" classname="com.trainings.maven.Wait.WaitExamplesTest"/>
</testsuite> <!-- com.trainings.maven.Wait.WaitExamplesTest -->
