<?xml version="1.0" encoding="UTF-8"?>
<!-- Generated by org.testng.reporters.JUnitReportReporter -->
<testsuite hostname="DESKTOP-L0NDSU4" name="com.trainings.maven.Wait.WaitExamplesTestPOM" tests="1" failures="0" timestamp="17 Jan 2020 11:01:37 GMT" time="10.020" errors="0">
  <testcase name="addToCart" time="10.020" classname="com.trainings.maven.Wait.WaitExamplesTestPOM"/>
</testsuite> <!-- com.trainings.maven.Wait.WaitExamplesTestPOM -->
