<?xml version="1.0" encoding="UTF-8"?>
<!-- Generated by org.testng.reporters.JUnitReportReporter -->
<testsuite hostname="DESKTOP-L0NDSU4" name="com.trainings.maven.Wait.FluentWaitTest" tests="2" failures="0" timestamp="17 Jan 2020 10:57:11 GMT" time="15.823" errors="0">
  <testcase name="logoAppearanceTest" time="15.795" classname="com.trainings.maven.Wait.FluentWaitTest"/>
  <testcase name="somethingUseless" time="0.028" classname="com.trainings.maven.Wait.FluentWaitTest"/>
</testsuite> <!-- com.trainings.maven.Wait.FluentWaitTest -->
